I, [2022-11-04T09:28:58.595058 #16500]  INFO -- : Migrating to CreateReceipts (20221019132515)
I, [2022-11-04T09:29:00.027430 #16500]  INFO -- : Migrating to CreateTrackings (20221019132526)
I, [2022-11-04T09:29:01.153002 #16500]  INFO -- : Migrating to CreateDeliveries (20221019134107)
I, [2022-11-04T09:29:02.319853 #16500]  INFO -- : Migrating to CreateOrders (20221024095704)
I, [2022-11-04T09:29:03.449515 #16500]  INFO -- : Migrating to DeviseCreateUsers (20221024131614)
I, [2022-11-04T09:29:07.275720 #16500]  INFO -- : Migrating to DeviseCreateAdmins (20221024132055)
I, [2022-11-04T09:29:10.679676 #16500]  INFO -- : Migrating to CreateUseProfiles (20221025081826)
I, [2022-11-04T09:29:11.783457 #16500]  INFO -- : Migrating to RemoveDeliveryId (20221026101129)
I, [2022-11-04T09:36:49.501219 #17802]  INFO -- : Migrating to RemoveDeliveryId (20221026101129)
I, [2022-11-04T09:40:07.453904 #18286]  INFO -- : Migrating to RemoveDeliveryId (20221026101129)
I, [2022-11-04T09:41:22.417357 #18456]  INFO -- : Migrating to CreateServices (20221026140911)
I, [2022-11-04T09:41:25.540623 #18456]  INFO -- : Migrating to AddingOrdersColumn (20221027111859)
I, [2022-11-04T09:41:27.387656 #18456]  INFO -- : Migrating to CreateStatuses (20221103232230)
I, [2022-11-04T11:17:10.238957 #8838]  INFO -- : Migrating to CreateUserProfiles (20221104080555)
I, [2022-11-04T11:35:09.671253 #11814]  INFO -- : Migrating to CreateReceipts (20221019132515)
I, [2022-11-04T11:35:11.265060 #11814]  INFO -- : Migrating to CreateTrackings (20221019132526)
I, [2022-11-04T11:35:12.754624 #11814]  INFO -- : Migrating to CreateDeliveries (20221019134107)
I, [2022-11-04T11:35:14.029018 #11814]  INFO -- : Migrating to CreateOrders (20221024095704)
I, [2022-11-04T11:35:15.304640 #11814]  INFO -- : Migrating to DeviseCreateUsers (20221024131614)
I, [2022-11-04T11:35:19.705513 #11814]  INFO -- : Migrating to DeviseCreateAdmins (20221024132055)
I, [2022-11-04T11:35:23.346677 #11814]  INFO -- : Migrating to CreateUseProfiles (20221025081826)
I, [2022-11-04T11:35:24.722996 #11814]  INFO -- : Migrating to CreateServices (20221026140911)
I, [2022-11-04T11:35:26.000243 #11814]  INFO -- : Migrating to AddingOrdersColumn (20221027111859)
I, [2022-11-04T11:35:28.164542 #11814]  INFO -- : Migrating to CreateStatuses (20221103232230)
I, [2022-11-04T11:35:29.562300 #11814]  INFO -- : Migrating to CreateUserProfiles (20221104080555)
